-------------------------------------------------------------------------------
Test set: team1project.TestResultTest
-------------------------------------------------------------------------------
Tests run: 7, Failures: 1, Errors: 0, Skipped: 0, Time elapsed: 0.001 s <<< FAILURE! - in team1project.TestResultTest
testToString  Time elapsed: 0 s  <<< FAILURE!
org.junit.ComparisonFailure: expected:<TestResult{[className='TestClass', methodName='testMethod', status='FAIL', errorMessage='Error occurred]'}> but was:<TestResult{[testName='null'className='TestClass', methodName='testMethod', status='FAIL', errorMessage='Error occurred', score='0', feedback='null]'}>
	at team1project.TestResultTest.testToString(TestResultTest.java:71)

