-------------------------------------------------------------------------------
Test set: team1project.EvaluatorTest
-------------------------------------------------------------------------------
Tests run: 1, Failures: 0, Errors: 1, Skipped: 0, Time elapsed: 0.129 s <<< FAILURE! - in team1project.EvaluatorTest
testEvaluate  Time elapsed: 0.128 s  <<< ERROR!
java.lang.IllegalStateException: Could not initialize plugin: interface org.mockito.plugins.MockMaker (alternate: null)
	at team1project.EvaluatorTest.createMockCompositeTree(EvaluatorTest.java:46)
	at team1project.EvaluatorTest.setUp(EvaluatorTest.java:22)
Caused by: java.lang.IllegalStateException: Internal problem occurred, please report it. Mockito is unable to load the default implementation of class that is a part of Mockito distribution. Failed to load interface org.mockito.plugins.MockMaker
	at team1project.EvaluatorTest.createMockCompositeTree(EvaluatorTest.java:46)
	at team1project.EvaluatorTest.setUp(EvaluatorTest.java:22)
Caused by: java.lang.reflect.InvocationTargetException
	at team1project.EvaluatorTest.createMockCompositeTree(EvaluatorTest.java:46)
	at team1project.EvaluatorTest.setUp(EvaluatorTest.java:22)
Caused by: java.lang.ExceptionInInitializerError
	at team1project.EvaluatorTest.createMockCompositeTree(EvaluatorTest.java:46)
	at team1project.EvaluatorTest.setUp(EvaluatorTest.java:22)
Caused by: java.lang.NullPointerException: Cannot invoke "org.mockito.internal.configuration.plugins.PluginRegistry.getStackTraceCleanerProvider()" because "org.mockito.internal.configuration.plugins.Plugins.registry" is null
	at team1project.EvaluatorTest.createMockCompositeTree(EvaluatorTest.java:46)
	at team1project.EvaluatorTest.setUp(EvaluatorTest.java:22)

